#
# There is insufficient memory for the Java Runtime Environment to continue.
# Native memory allocation (malloc) failed to allocate 1048576 bytes. Error detail: AllocateHeap
# Possible reasons:
#   The system is out of physical RAM or swap space
#   This process is running with CompressedOops enabled, and the Java Heap may be blocking the growth of the native heap
# Possible solutions:
#   Reduce memory load on the system
#   Increase physical memory or swap space
#   Check if swap backing store is full
#   Decrease Java heap size (-Xmx/-Xms)
#   Decrease number of Java threads
#   Decrease Java thread stack sizes (-Xss)
#   Set larger code cache with -XX:ReservedCodeCacheSize=
#   JVM is running with Unscaled Compressed Oops mode in which the Java heap is
#     placed in the first 4GB address space. The Java Heap base address is the
#     maximum limit for the native heap growth. Please use -XX:HeapBaseMinAddress
#     to set the Java Heap base and to place the Java Heap above 4GB virtual address.
# This output file may be truncated or incomplete.
#
#  Out of Memory Error (allocation.cpp:44), pid=10968, tid=8832
#
# JRE version: OpenJDK Runtime Environment Temurin-21.0.10+7 (21.0.10+7) (build 21.0.10+7-LTS)
# Java VM: OpenJDK 64-Bit Server VM Temurin-21.0.10+7 (21.0.10+7-LTS, mixed mode, sharing, tiered, compressed oops, compressed class ptrs, parallel gc, windows-amd64)
# No core dump will be written. Minidumps are not enabled by default on client versions of Windows
#

---------------  S U M M A R Y ------------

Command Line: --add-modules=ALL-SYSTEM --add-opens=java.base/java.util=ALL-UNNAMED --add-opens=java.base/java.lang=ALL-UNNAMED --add-opens=java.base/sun.nio.fs=ALL-UNNAMED -Declipse.application=org.eclipse.jdt.ls.core.id1 -Dosgi.bundles.defaultStartLevel=4 -Declipse.product=org.eclipse.jdt.ls.core.product -Djava.import.generatesMetadataFilesAtProjectRoot=false -DDetectVMInstallationsJob.disabled=true -Dfile.encoding=utf8 -XX:+UseParallelGC -XX:GCTimeRatio=4 -XX:AdaptiveSizePolicyWeight=90 -Dsun.zip.disableMemoryMapping=true -Xmx2G -Xms100m -Xlog:disable -javaagent:c:\Users\user\.vscode\extensions\redhat.java-1.53.0-win32-x64\lombok\lombok-1.18.39-4050.jar -XX:+HeapDumpOnOutOfMemoryError -XX:HeapDumpPath=c:\Users\user\AppData\Roaming\Code\User\workspaceStorage\8f9a1ababe5281a97c255ac862eb4945\redhat.java -Daether.dependencyCollector.impl=bf c:\Users\user\.vscode\extensions\redhat.java-1.53.0-win32-x64\server\plugins\org.eclipse.equinox.launcher_1.7.100.v20251111-0406.jar -configuration c:\Users\user\AppData\Roaming\Code\User\globalStorage\redhat.java\1.53.0\config_win -data c:\Users\user\AppData\Roaming\Code\User\workspaceStorage\8f9a1ababe5281a97c255ac862eb4945\redhat.java\jdt_ws --pipe=\\.\pipe\lsp-5c42eb8850a952320543ccfca85032ae-sock

Host: Intel(R) Core(TM) i3-7100U CPU @ 2.40GHz, 4 cores, 3G,  Windows 11 , 64 bit Build 22000 (10.0.22000.2538)
Time: Sat Mar 21 00:50:14 2026 India Standard Time elapsed time: 8467.175012 seconds (0d 2h 21m 7s)

---------------  T H R E A D  ---------------

Current thread (0x00000232e6131620):  JavaThread "Attach Listener" daemon [_thread_in_vm, id=8832, stack(0x000000b52fa00000,0x000000b52fb00000) (1024K)]

Stack: [0x000000b52fa00000,0x000000b52fb00000]
Native frames: (J=compiled Java code, j=interpreted, Vv=VM code, C=native code)
V  [jvm.dll+0x6d7a39]
V  [jvm.dll+0x8b4b26]
V  [jvm.dll+0x8b70de]
V  [jvm.dll+0x8b77c3]
V  [jvm.dll+0x284346]
V  [jvm.dll+0xc1277]
V  [jvm.dll+0x6d82e9]
V  [jvm.dll+0x1334a6]
V  [jvm.dll+0x3f857e]
V  [jvm.dll+0x85f59d]
V  [jvm.dll+0x6d626d]
C  [ucrtbase.dll+0x26c0c]
C  [KERNEL32.DLL+0x153e0]
C  [ntdll.dll+0x485b]


---------------  P R O C E S S  ---------------

Threads class SMR info:
_java_thread_list=0x00000232eec752c0, length=30, elements={
0x000002328e63c0e0, 0x00000232e612e020, 0x00000232e612f1d0, 0x00000232e6130700,
0x00000232e6131620, 0x00000232e6135860, 0x00000232e61372d0, 0x00000232e6138060,
0x00000232e619baa0, 0x00000232eb124970, 0x00000232eb28ed30, 0x00000232eb366150,
0x00000232ebbfe760, 0x00000232ebb999e0, 0x00000232eba5c190, 0x00000232ec16a6b0,
0x00000232ebe8e680, 0x00000232ebf17080, 0x00000232eb5ac000, 0x00000232eb5acd20,
0x00000232eb5ab970, 0x00000232ec766880, 0x00000232ec7619c0, 0x00000232ec763a90,
0x00000232ec767c30, 0x00000232ec762d70, 0x00000232ec765b60, 0x00000232ec7682c0,
0x00000232ec764e40, 0x00000232ec768fe0
}

Java Threads: ( => current thread )
  0x000002328e63c0e0 JavaThread "main"                              [_thread_blocked, id=13952, stack(0x000000b52f300000,0x000000b52f400000) (1024K)]
  0x00000232e612e020 JavaThread "Reference Handler"          daemon [_thread_blocked, id=8320, stack(0x000000b52f700000,0x000000b52f800000) (1024K)]
  0x00000232e612f1d0 JavaThread "Finalizer"                  daemon [_thread_blocked, id=7388, stack(0x000000b52f800000,0x000000b52f900000) (1024K)]
  0x00000232e6130700 JavaThread "Signal Dispatcher"          daemon [_thread_blocked, id=11180, stack(0x000000b52f900000,0x000000b52fa00000) (1024K)]
=>0x00000232e6131620 JavaThread "Attach Listener"            daemon [_thread_in_vm, id=8832, stack(0x000000b52fa00000,0x000000b52fb00000) (1024K)]
  0x00000232e6135860 JavaThread "Service Thread"             daemon [_thread_blocked, id=4536, stack(0x000000b52fb00000,0x000000b52fc00000) (1024K)]
  0x00000232e61372d0 JavaThread "Monitor Deflation Thread"   daemon [_thread_blocked, id=10620, stack(0x000000b52fc00000,0x000000b52fd00000) (1024K)]
  0x00000232e6138060 JavaThread "C2 CompilerThread0"         daemon [_thread_blocked, id=484, stack(0x000000b52fd00000,0x000000b52fe00000) (1024K)]
  0x00000232e619baa0 JavaThread "C1 CompilerThread0"         daemon [_thread_blocked, id=1896, stack(0x000000b52fe00000,0x000000b52ff00000) (1024K)]
  0x00000232eb124970 JavaThread "Common-Cleaner"             daemon [_thread_blocked, id=12828, stack(0x000000b52ff00000,0x000000b530000000) (1024K)]
  0x00000232eb28ed30 JavaThread "Notification Thread"        daemon [_thread_blocked, id=14296, stack(0x000000b530000000,0x000000b530100000) (1024K)]
  0x00000232eb366150 JavaThread "Active Thread: Equinox Container: 7e420494-df05-4161-a5c4-4b202adb2e67"        [_thread_blocked, id=3364, stack(0x000000b530500000,0x000000b530600000) (1024K)]
  0x00000232ebbfe760 JavaThread "Refresh Thread: Equinox Container: 7e420494-df05-4161-a5c4-4b202adb2e67" daemon [_thread_blocked, id=3888, stack(0x000000b530600000,0x000000b530700000) (1024K)]
  0x00000232ebb999e0 JavaThread "Framework Event Dispatcher: Equinox Container: 7e420494-df05-4161-a5c4-4b202adb2e67" daemon [_thread_blocked, id=1320, stack(0x000000b530700000,0x000000b530800000) (1024K)]
  0x00000232eba5c190 JavaThread "Start Level: Equinox Container: 7e420494-df05-4161-a5c4-4b202adb2e67" daemon [_thread_blocked, id=11804, stack(0x000000b530800000,0x000000b530900000) (1024K)]
  0x00000232ec16a6b0 JavaThread "Bundle File Closer"         daemon [_thread_blocked, id=3744, stack(0x000000b530900000,0x000000b530a00000) (1024K)]
  0x00000232ebe8e680 JavaThread "SCR Component Actor"        daemon [_thread_blocked, id=404, stack(0x000000b530100000,0x000000b530200000) (1024K)]
  0x00000232ebf17080 JavaThread "Worker-JM"                         [_thread_blocked, id=12732, stack(0x000000b530a00000,0x000000b530b00000) (1024K)]
  0x00000232eb5ac000 JavaThread "JNA Cleaner"                daemon [_thread_blocked, id=11864, stack(0x000000b530b00000,0x000000b530c00000) (1024K)]
  0x00000232eb5acd20 JavaThread "Worker-0"                          [_thread_blocked, id=4612, stack(0x000000b530c00000,0x000000b530d00000) (1024K)]
  0x00000232eb5ab970 JavaThread "Worker-1"                          [_thread_blocked, id=10264, stack(0x000000b530d00000,0x000000b530e00000) (1024K)]
  0x00000232ec766880 JavaThread "Java indexing"              daemon [_thread_blocked, id=6376, stack(0x000000b530e00000,0x000000b530f00000) (1024K)]
  0x00000232ec7619c0 JavaThread "Thread-1"                   daemon [_thread_in_native, id=12868, stack(0x000000b531400000,0x000000b531500000) (1024K)]
  0x00000232ec763a90 JavaThread "Thread-2"                   daemon [_thread_in_native, id=8928, stack(0x000000b531500000,0x000000b531600000) (1024K)]
  0x00000232ec767c30 JavaThread "Thread-3"                   daemon [_thread_in_native, id=1172, stack(0x000000b531600000,0x000000b531700000) (1024K)]
  0x00000232ec762d70 JavaThread "Thread-4"                   daemon [_thread_in_native, id=2128, stack(0x000000b531700000,0x000000b531800000) (1024K)]
  0x00000232ec765b60 JavaThread "Thread-5"                   daemon [_thread_in_native, id=7496, stack(0x000000b531800000,0x000000b531900000) (1024K)]
  0x00000232ec7682c0 JavaThread "pool-2-thread-1"                   [_thread_blocked, id=13344, stack(0x000000b531900000,0x000000b531a00000) (1024K)]
  0x00000232ec764e40 JavaThread "WorkspaceEventsHandler"            [_thread_blocked, id=9940, stack(0x000000b531a00000,0x000000b531b00000) (1024K)]
  0x00000232ec768fe0 JavaThread "pool-1-thread-1"                   [_thread_blocked, id=10516, stack(0x000000b531b00000,0x000000b531c00000) (1024K)]
Total: 30

Other Threads:
  0x00000232e610ba30 VMThread "VM Thread"                           [id=10476, stack(0x000000b52f600000,0x000000b52f700000) (1024K)]
  0x000002328e702440 WatcherThread "VM Periodic Task Thread"        [id=3148, stack(0x000000b52f500000,0x000000b52f600000) (1024K)]
  0x000002328e65a730 WorkerThread "GC Thread#0"                     [id=12988, stack(0x000000b52f400000,0x000000b52f500000) (1024K)]
  0x00000232eb74fa70 WorkerThread "GC Thread#1"                     [id=10984, stack(0x000000b530200000,0x000000b530300000) (1024K)]
  0x00000232eb74fe20 WorkerThread "GC Thread#2"                     [id=4604, stack(0x000000b530300000,0x000000b530400000) (1024K)]
  0x00000232eb74e4a0 WorkerThread "GC Thread#3"                     [id=5668, stack(0x000000b530400000,0x000000b530500000) (1024K)]
Total: 6

Threads with active compile tasks:
Total: 0

VM state: not at safepoint (normal execution)

VM Mutex/Monitor currently owned by a thread: None

Heap address: 0x0000000080000000, size: 2048 MB, Compressed Oops mode: 32-bit

CDS archive(s) mapped at: [0x00000232a5000000-0x00000232a5ba0000-0x00000232a5ba0000), size 12189696, SharedBaseAddress: 0x00000232a5000000, ArchiveRelocationMode: 1.
Compressed class space mapped at: 0x00000232a6000000-0x00000232e6000000, reserved size: 1073741824
Narrow klass base: 0x00000232a5000000, Narrow klass shift: 0, Narrow klass range: 0x100000000

GC Precious Log:
 CardTable entry size: 512
 CPUs: 4 total, 4 available
 Memory: 4007M
 Large Page Support: Disabled
 NUMA Support: Disabled
 Compressed Oops: Enabled (32-bit)
 Alignments: Space 512K, Generation 512K, Heap 2M
 Heap Min Capacity: 100M
 Heap Initial Capacity: 100M
 Heap Max Capacity: 2G
 Pre-touch: Disabled
 Parallel Workers: 4

Heap:
 PSYoungGen      total 5632K, used 1455K [0x00000000d5580000, 0x00000000d5c80000, 0x0000000100000000)
  eden space 5120K, 25% used [0x00000000d5580000,0x00000000d56cbf98,0x00000000d5a80000)
  from space 512K, 25% used [0x00000000d5c00000,0x00000000d5c20000,0x00000000d5c80000)
  to   space 512K, 0% used [0x00000000d5b80000,0x00000000d5b80000,0x00000000d5c00000)
 ParOldGen       total 566272K, used 566149K [0x0000000080000000, 0x00000000a2900000, 0x00000000d5580000)
  object space 566272K, 99% used [0x0000000080000000,0x00000000a28e1568,0x00000000a2900000)
 Metaspace       used 61344K, committed 62848K, reserved 1114112K
  class space    used 6480K, committed 7168K, reserved 1048576K

Card table byte_map: [0x000002328e020000,0x000002328e430000] _byte_map_base: 0x000002328dc20000

Marking Bits: (ParMarkBitMap*) 0x00007ff9efc13450
 Begin Bits: [0x00000232a0b00000, 0x00000232a2b00000)
 End Bits:   [0x00000232a2b00000, 0x00000232a4b00000)

Polling page: 0x000002328de10000

Metaspace:

Usage:
  Non-class:     53.58 MB used.
      Class:      6.33 MB used.
       Both:     59.91 MB used.

Virtual space:
  Non-class space:       64.00 MB reserved,      54.38 MB ( 85%) committed,  1 nodes.
      Class space:        1.00 GB reserved,       7.00 MB ( <1%) committed,  1 nodes.
             Both:        1.06 GB reserved,      61.38 MB (  6%) committed. 

Chunk freelists:
   Non-Class:  9.25 MB
       Class:  9.00 MB
        Both:  18.24 MB

MaxMetaspaceSize: unlimited
CompressedClassSpaceSize: 1.00 GB
Initial GC threshold: 21.00 MB
Current GC threshold: 97.31 MB
CDS: on
 - commit_granule_bytes: 65536.
 - commit_granule_words: 8192.
 - virtual_space_node_default_size: 8388608.
 - enlarge_chunks_in_place: 1.
 - use_allocation_guard: 0.


Internal statistics:

num_allocs_failed_limit: 11.
num_arena_births: 1130.
num_arena_deaths: 14.
num_vsnodes_births: 2.
num_vsnodes_deaths: 0.
num_space_committed: 982.
num_space_uncommitted: 0.
num_chunks_returned_to_freelist: 25.
num_chunks_taken_from_freelist: 4017.
num_chunk_merges: 17.
num_chunk_splits: 2460.
num_chunks_enlarged: 1394.
num_inconsistent_stats: 0.

CodeHeap 'non-profiled nmethods': size=120000Kb used=7957Kb max_used=7957Kb free=112042Kb
 bounds [0x0000023299320000, 0x0000023299af0000, 0x00000232a0850000]
CodeHeap 'profiled nmethods': size=120000Kb used=23506Kb max_used=23506Kb free=96493Kb
 bounds [0x0000023291850000, 0x0000023292f50000, 0x0000023298d80000]
CodeHeap 'non-nmethods': size=5760Kb used=1416Kb max_used=1511Kb free=4343Kb
 bounds [0x0000023298d80000, 0x0000023298ff0000, 0x0000023299320000]
CodeCache: size=245760Kb, used=32879Kb, max_used=32974Kb, free=212878Kb
 total_blobs=11845, nmethods=11115, adapters=636, full_count=0
Compilation: enabled, stopped_count=0, restarted_count=0

Compilation events (20 events):
Event: 7556.002 Thread 0x00000232e619baa0 11808       3       java.util.stream.DistinctOps$1$2::end (15 bytes)
Event: 7556.008 Thread 0x00000232e619baa0 nmethod 11808 0x0000023292f3cb90 code [0x0000023292f3cd40, 0x0000023292f3cf38]
Event: 7685.863 Thread 0x00000232e619baa0 11809   !   3       org.eclipse.osgi.internal.framework.StorageSaver$StorageSaverTask::run (31 bytes)
Event: 7685.962 Thread 0x00000232e619baa0 nmethod 11809 0x0000023292f3d010 code [0x0000023292f3d1e0, 0x0000023292f3d480]
Event: 7746.938 Thread 0x00000232e619baa0 11811       3       java.util.concurrent.locks.AbstractQueuedSynchronizer$ConditionNode::block (15 bytes)
Event: 7746.955 Thread 0x00000232e619baa0 nmethod 11811 0x0000023292f3d610 code [0x0000023292f3d800, 0x0000023292f3ddd0]
Event: 7881.349 Thread 0x00000232e619baa0 11812   !   3       sun.nio.cs.StreamDecoder::readBytes (271 bytes)
Event: 7881.401 Thread 0x00000232e619baa0 nmethod 11812 0x0000023292f3df90 code [0x0000023292f3e2c0, 0x0000023292f3f2a0]
Event: 7905.462 Thread 0x00000232e619baa0 11813       3       java.util.logging.Logger::getLogger (8 bytes)
Event: 7905.475 Thread 0x00000232e619baa0 nmethod 11813 0x0000023292f3fa90 code [0x0000023292f3fc60, 0x0000023292f3fe20]
Event: 7905.475 Thread 0x00000232e619baa0 11814       3       java.util.logging.Logger::getLogger (7 bytes)
Event: 7905.476 Thread 0x00000232e619baa0 nmethod 11814 0x0000023292f3ff10 code [0x0000023292f400c0, 0x0000023292f401e8]
Event: 7905.476 Thread 0x00000232e619baa0 11815       3       java.util.logging.Logger::demandLogger (36 bytes)
Event: 7905.548 Thread 0x00000232e619baa0 nmethod 11815 0x0000023292f40290 code [0x0000023292f40520, 0x0000023292f40fd0]
Event: 8007.954 Thread 0x00000232e619baa0 11816       3       org.eclipse.lsp4j.jsonrpc.json.adapters.MessageTypeAdapter::parseParams (240 bytes)
Event: 8008.865 Thread 0x00000232e619baa0 nmethod 11816 0x0000023292f41410 code [0x0000023292f418e0, 0x0000023292f43ee8]
Event: 8047.982 Thread 0x00000232e6138060 11820       4       java.util.concurrent.atomic.AtomicLong::compareAndSet (13 bytes)
Event: 8047.998 Thread 0x00000232e6138060 nmethod 11820 0x0000023299ae4e90 code [0x0000023299ae5020, 0x0000023299ae50c0]
Event: 8196.261 Thread 0x00000232e6138060 11821       4       com.google.gson.internal.bind.ReflectiveTypeAdapterFactory$FieldReflectionAdapter::finalize (2 bytes)
Event: 8196.263 Thread 0x00000232e6138060 nmethod 11821 0x0000023299ae5190 code [0x0000023299ae5320, 0x0000023299ae53a8]

GC Heap History (20 events):
Event: 1759.279 GC heap before
{Heap before GC invocations=1094 (full 3):
 PSYoungGen      total 5632K, used 5248K [0x00000000d5580000, 0x00000000d5c80000, 0x0000000100000000)
  eden space 5120K, 100% used [0x00000000d5580000,0x00000000d5a80000,0x00000000d5a80000)
  from space 512K, 25% used [0x00000000d5c00000,0x00000000d5c20000,0x00000000d5c80000)
  to   space 512K, 0% used [0x00000000d5b80000,0x00000000d5b80000,0x00000000d5c00000)
 ParOldGen       total 566272K, used 565922K [0x0000000080000000, 0x00000000a2900000, 0x00000000d5580000)
  object space 566272K, 99% used [0x0000000080000000,0x00000000a28a8858,0x00000000a2900000)
 Metaspace       used 61158K, committed 62592K, reserved 1114112K
  class space    used 6478K, committed 7168K, reserved 1048576K
}
Event: 1759.281 GC heap after
{Heap after GC invocations=1094 (full 3):
 PSYoungGen      total 5632K, used 96K [0x00000000d5580000, 0x00000000d5c80000, 0x0000000100000000)
  eden space 5120K, 0% used [0x00000000d5580000,0x00000000d5580000,0x00000000d5a80000)
  from space 512K, 18% used [0x00000000d5b80000,0x00000000d5b98000,0x00000000d5c00000)
  to   space 512K, 0% used [0x00000000d5c00000,0x00000000d5c00000,0x00000000d5c80000)
 ParOldGen       total 566272K, used 566005K [0x0000000080000000, 0x00000000a2900000, 0x00000000d5580000)
  object space 566272K, 99% used [0x0000000080000000,0x00000000a28bd568,0x00000000a2900000)
 Metaspace       used 61158K, committed 62592K, reserved 1114112K
  class space    used 6478K, committed 7168K, reserved 1048576K
}
Event: 1765.593 GC heap before
{Heap before GC invocations=1095 (full 3):
 PSYoungGen      total 5632K, used 5216K [0x00000000d5580000, 0x00000000d5c80000, 0x0000000100000000)
  eden space 5120K, 100% used [0x00000000d5580000,0x00000000d5a80000,0x00000000d5a80000)
  from space 512K, 18% used [0x00000000d5b80000,0x00000000d5b98000,0x00000000d5c00000)
  to   space 512K, 0% used [0x00000000d5c00000,0x00000000d5c00000,0x00000000d5c80000)
 ParOldGen       total 566272K, used 566005K [0x0000000080000000, 0x00000000a2900000, 0x00000000d5580000)
  object space 566272K, 99% used [0x0000000080000000,0x00000000a28bd568,0x00000000a2900000)
 Metaspace       used 61168K, committed 62592K, reserved 1114112K
  class space    used 6478K, committed 7168K, reserved 1048576K
}
Event: 1765.597 GC heap after
{Heap after GC invocations=1095 (full 3):
 PSYoungGen      total 5632K, used 96K [0x00000000d5580000, 0x00000000d5c80000, 0x0000000100000000)
  eden space 5120K, 0% used [0x00000000d5580000,0x00000000d5580000,0x00000000d5a80000)
  from space 512K, 18% used [0x00000000d5c00000,0x00000000d5c18000,0x00000000d5c80000)
  to   space 512K, 0% used [0x00000000d5b80000,0x00000000d5b80000,0x00000000d5c00000)
 ParOldGen       total 566272K, used 566005K [0x0000000080000000, 0x00000000a2900000, 0x00000000d5580000)
  object space 566272K, 99% used [0x0000000080000000,0x00000000a28bd568,0x00000000a2900000)
 Metaspace       used 61168K, committed 62592K, reserved 1114112K
  class space    used 6478K, committed 7168K, reserved 1048576K
}
Event: 2475.409 GC heap before
{Heap before GC invocations=1096 (full 3):
 PSYoungGen      total 5632K, used 5216K [0x00000000d5580000, 0x00000000d5c80000, 0x0000000100000000)
  eden space 5120K, 100% used [0x00000000d5580000,0x00000000d5a80000,0x00000000d5a80000)
  from space 512K, 18% used [0x00000000d5c00000,0x00000000d5c18000,0x00000000d5c80000)
  to   space 512K, 0% used [0x00000000d5b80000,0x00000000d5b80000,0x00000000d5c00000)
 ParOldGen       total 566272K, used 566005K [0x0000000080000000, 0x00000000a2900000, 0x00000000d5580000)
  object space 566272K, 99% used [0x0000000080000000,0x00000000a28bd568,0x00000000a2900000)
 Metaspace       used 61194K, committed 62720K, reserved 1114112K
  class space    used 6478K, committed 7168K, reserved 1048576K
}
Event: 2475.899 GC heap after
{Heap after GC invocations=1096 (full 3):
 PSYoungGen      total 5632K, used 96K [0x00000000d5580000, 0x00000000d5c80000, 0x0000000100000000)
  eden space 5120K, 0% used [0x00000000d5580000,0x00000000d5580000,0x00000000d5a80000)
  from space 512K, 18% used [0x00000000d5b80000,0x00000000d5b98000,0x00000000d5c00000)
  to   space 512K, 0% used [0x00000000d5c00000,0x00000000d5c00000,0x00000000d5c80000)
 ParOldGen       total 566272K, used 566013K [0x0000000080000000, 0x00000000a2900000, 0x00000000d5580000)
  object space 566272K, 99% used [0x0000000080000000,0x00000000a28bf568,0x00000000a2900000)
 Metaspace       used 61194K, committed 62720K, reserved 1114112K
  class space    used 6478K, committed 7168K, reserved 1048576K
}
Event: 5053.295 GC heap before
{Heap before GC invocations=1097 (full 3):
 PSYoungGen      total 5632K, used 5216K [0x00000000d5580000, 0x00000000d5c80000, 0x0000000100000000)
  eden space 5120K, 100% used [0x00000000d5580000,0x00000000d5a80000,0x00000000d5a80000)
  from space 512K, 18% used [0x00000000d5b80000,0x00000000d5b98000,0x00000000d5c00000)
  to   space 512K, 0% used [0x00000000d5c00000,0x00000000d5c00000,0x00000000d5c80000)
 ParOldGen       total 566272K, used 566013K [0x0000000080000000, 0x00000000a2900000, 0x00000000d5580000)
  object space 566272K, 99% used [0x0000000080000000,0x00000000a28bf568,0x00000000a2900000)
 Metaspace       used 61220K, committed 62720K, reserved 1114112K
  class space    used 6478K, committed 7168K, reserved 1048576K
}
Event: 5053.848 GC heap after
{Heap after GC invocations=1097 (full 3):
 PSYoungGen      total 5632K, used 128K [0x00000000d5580000, 0x00000000d5c80000, 0x0000000100000000)
  eden space 5120K, 0% used [0x00000000d5580000,0x00000000d5580000,0x00000000d5a80000)
  from space 512K, 25% used [0x00000000d5c00000,0x00000000d5c20000,0x00000000d5c80000)
  to   space 512K, 0% used [0x00000000d5b80000,0x00000000d5b80000,0x00000000d5c00000)
 ParOldGen       total 566272K, used 566037K [0x0000000080000000, 0x00000000a2900000, 0x00000000d5580000)
  object space 566272K, 99% used [0x0000000080000000,0x00000000a28c5568,0x00000000a2900000)
 Metaspace       used 61220K, committed 62720K, reserved 1114112K
  class space    used 6478K, committed 7168K, reserved 1048576K
}
Event: 5311.891 GC heap before
{Heap before GC invocations=1098 (full 3):
 PSYoungGen      total 5632K, used 5248K [0x00000000d5580000, 0x00000000d5c80000, 0x0000000100000000)
  eden space 5120K, 100% used [0x00000000d5580000,0x00000000d5a80000,0x00000000d5a80000)
  from space 512K, 25% used [0x00000000d5c00000,0x00000000d5c20000,0x00000000d5c80000)
  to   space 512K, 0% used [0x00000000d5b80000,0x00000000d5b80000,0x00000000d5c00000)
 ParOldGen       total 566272K, used 566037K [0x0000000080000000, 0x00000000a2900000, 0x00000000d5580000)
  object space 566272K, 99% used [0x0000000080000000,0x00000000a28c5568,0x00000000a2900000)
 Metaspace       used 61280K, committed 62784K, reserved 1114112K
  class space    used 6480K, committed 7168K, reserved 1048576K
}
Event: 5312.149 GC heap after
{Heap after GC invocations=1098 (full 3):
 PSYoungGen      total 5632K, used 128K [0x00000000d5580000, 0x00000000d5c80000, 0x0000000100000000)
  eden space 5120K, 0% used [0x00000000d5580000,0x00000000d5580000,0x00000000d5a80000)
  from space 512K, 25% used [0x00000000d5b80000,0x00000000d5ba0000,0x00000000d5c00000)
  to   space 512K, 0% used [0x00000000d5c00000,0x00000000d5c00000,0x00000000d5c80000)
 ParOldGen       total 566272K, used 566045K [0x0000000080000000, 0x00000000a2900000, 0x00000000d5580000)
  object space 566272K, 99% used [0x0000000080000000,0x00000000a28c7568,0x00000000a2900000)
 Metaspace       used 61280K, committed 62784K, reserved 1114112K
  class space    used 6480K, committed 7168K, reserved 1048576K
}
Event: 6061.726 GC heap before
{Heap before GC invocations=1099 (full 3):
 PSYoungGen      total 5632K, used 5248K [0x00000000d5580000, 0x00000000d5c80000, 0x0000000100000000)
  eden space 5120K, 100% used [0x00000000d5580000,0x00000000d5a80000,0x00000000d5a80000)
  from space 512K, 25% used [0x00000000d5b80000,0x00000000d5ba0000,0x00000000d5c00000)
  to   space 512K, 0% used [0x00000000d5c00000,0x00000000d5c00000,0x00000000d5c80000)
 ParOldGen       total 566272K, used 566045K [0x0000000080000000, 0x00000000a2900000, 0x00000000d5580000)
  object space 566272K, 99% used [0x0000000080000000,0x00000000a28c7568,0x00000000a2900000)
 Metaspace       used 61292K, committed 62784K, reserved 1114112K
  class space    used 6480K, committed 7168K, reserved 1048576K
}
Event: 6062.463 GC heap after
{Heap after GC invocations=1099 (full 3):
 PSYoungGen      total 5632K, used 96K [0x00000000d5580000, 0x00000000d5c80000, 0x0000000100000000)
  eden space 5120K, 0% used [0x00000000d5580000,0x00000000d5580000,0x00000000d5a80000)
  from space 512K, 18% used [0x00000000d5c00000,0x00000000d5c18000,0x00000000d5c80000)
  to   space 512K, 0% used [0x00000000d5b80000,0x00000000d5b80000,0x00000000d5c00000)
 ParOldGen       total 566272K, used 566069K [0x0000000080000000, 0x00000000a2900000, 0x00000000d5580000)
  object space 566272K, 99% used [0x0000000080000000,0x00000000a28cd568,0x00000000a2900000)
 Metaspace       used 61292K, committed 62784K, reserved 1114112K
  class space    used 6480K, committed 7168K, reserved 1048576K
}
Event: 6587.395 GC heap before
{Heap before GC invocations=1100 (full 3):
 PSYoungGen      total 5632K, used 5216K [0x00000000d5580000, 0x00000000d5c80000, 0x0000000100000000)
  eden space 5120K, 100% used [0x00000000d5580000,0x00000000d5a80000,0x00000000d5a80000)
  from space 512K, 18% used [0x00000000d5c00000,0x00000000d5c18000,0x00000000d5c80000)
  to   space 512K, 0% used [0x00000000d5b80000,0x00000000d5b80000,0x00000000d5c00000)
 ParOldGen       total 566272K, used 566069K [0x0000000080000000, 0x00000000a2900000, 0x00000000d5580000)
  object space 566272K, 99% used [0x0000000080000000,0x00000000a28cd568,0x00000000a2900000)
 Metaspace       used 61304K, committed 62784K, reserved 1114112K
  class space    used 6480K, committed 7168K, reserved 1048576K
}
Event: 6588.367 GC heap after
{Heap after GC invocations=1100 (full 3):
 PSYoungGen      total 5632K, used 128K [0x00000000d5580000, 0x00000000d5c80000, 0x0000000100000000)
  eden space 5120K, 0% used [0x00000000d5580000,0x00000000d5580000,0x00000000d5a80000)
  from space 512K, 25% used [0x00000000d5b80000,0x00000000d5ba0000,0x00000000d5c00000)
  to   space 512K, 0% used [0x00000000d5c00000,0x00000000d5c00000,0x00000000d5c80000)
 ParOldGen       total 566272K, used 566093K [0x0000000080000000, 0x00000000a2900000, 0x00000000d5580000)
  object space 566272K, 99% used [0x0000000080000000,0x00000000a28d3568,0x00000000a2900000)
 Metaspace       used 61304K, committed 62784K, reserved 1114112K
  class space    used 6480K, committed 7168K, reserved 1048576K
}
Event: 7201.734 GC heap before
{Heap before GC invocations=1101 (full 3):
 PSYoungGen      total 5632K, used 5248K [0x00000000d5580000, 0x00000000d5c80000, 0x0000000100000000)
  eden space 5120K, 100% used [0x00000000d5580000,0x00000000d5a80000,0x00000000d5a80000)
  from space 512K, 25% used [0x00000000d5b80000,0x00000000d5ba0000,0x00000000d5c00000)
  to   space 512K, 0% used [0x00000000d5c00000,0x00000000d5c00000,0x00000000d5c80000)
 ParOldGen       total 566272K, used 566093K [0x0000000080000000, 0x00000000a2900000, 0x00000000d5580000)
  object space 566272K, 99% used [0x0000000080000000,0x00000000a28d3568,0x00000000a2900000)
 Metaspace       used 61327K, committed 62784K, reserved 1114112K
  class space    used 6480K, committed 7168K, reserved 1048576K
}
Event: 7202.462 GC heap after
{Heap after GC invocations=1101 (full 3):
 PSYoungGen      total 5632K, used 128K [0x00000000d5580000, 0x00000000d5c80000, 0x0000000100000000)
  eden space 5120K, 0% used [0x00000000d5580000,0x00000000d5580000,0x00000000d5a80000)
  from space 512K, 25% used [0x00000000d5c00000,0x00000000d5c20000,0x00000000d5c80000)
  to   space 512K, 0% used [0x00000000d5b80000,0x00000000d5b80000,0x00000000d5c00000)
 ParOldGen       total 566272K, used 566109K [0x0000000080000000, 0x00000000a2900000, 0x00000000d5580000)
  object space 566272K, 99% used [0x0000000080000000,0x00000000a28d7568,0x00000000a2900000)
 Metaspace       used 61327K, committed 62784K, reserved 1114112K
  class space    used 6480K, committed 7168K, reserved 1048576K
}
Event: 7745.297 GC heap before
{Heap before GC invocations=1102 (full 3):
 PSYoungGen      total 5632K, used 5248K [0x00000000d5580000, 0x00000000d5c80000, 0x0000000100000000)
  eden space 5120K, 100% used [0x00000000d5580000,0x00000000d5a80000,0x00000000d5a80000)
  from space 512K, 25% used [0x00000000d5c00000,0x00000000d5c20000,0x00000000d5c80000)
  to   space 512K, 0% used [0x00000000d5b80000,0x00000000d5b80000,0x00000000d5c00000)
 ParOldGen       total 566272K, used 566109K [0x0000000080000000, 0x00000000a2900000, 0x00000000d5580000)
  object space 566272K, 99% used [0x0000000080000000,0x00000000a28d7568,0x00000000a2900000)
 Metaspace       used 61341K, committed 62848K, reserved 1114112K
  class space    used 6480K, committed 7168K, reserved 1048576K
}
Event: 7746.017 GC heap after
{Heap after GC invocations=1102 (full 3):
 PSYoungGen      total 5632K, used 96K [0x00000000d5580000, 0x00000000d5c80000, 0x0000000100000000)
  eden space 5120K, 0% used [0x00000000d5580000,0x00000000d5580000,0x00000000d5a80000)
  from space 512K, 18% used [0x00000000d5b80000,0x00000000d5b98000,0x00000000d5c00000)
  to   space 512K, 0% used [0x00000000d5c00000,0x00000000d5c00000,0x00000000d5c80000)
 ParOldGen       total 566272K, used 566133K [0x0000000080000000, 0x00000000a2900000, 0x00000000d5580000)
  object space 566272K, 99% used [0x0000000080000000,0x00000000a28dd568,0x00000000a2900000)
 Metaspace       used 61341K, committed 62848K, reserved 1114112K
  class space    used 6480K, committed 7168K, reserved 1048576K
}
Event: 8113.925 GC heap before
{Heap before GC invocations=1103 (full 3):
 PSYoungGen      total 5632K, used 5216K [0x00000000d5580000, 0x00000000d5c80000, 0x0000000100000000)
  eden space 5120K, 100% used [0x00000000d5580000,0x00000000d5a80000,0x00000000d5a80000)
  from space 512K, 18% used [0x00000000d5b80000,0x00000000d5b98000,0x00000000d5c00000)
  to   space 512K, 0% used [0x00000000d5c00000,0x00000000d5c00000,0x00000000d5c80000)
 ParOldGen       total 566272K, used 566133K [0x0000000080000000, 0x00000000a2900000, 0x00000000d5580000)
  object space 566272K, 99% used [0x0000000080000000,0x00000000a28dd568,0x00000000a2900000)
 Metaspace       used 61344K, committed 62848K, reserved 1114112K
  class space    used 6480K, committed 7168K, reserved 1048576K
}
Event: 8114.724 GC heap after
{Heap after GC invocations=1103 (full 3):
 PSYoungGen      total 5632K, used 128K [0x00000000d5580000, 0x00000000d5c80000, 0x0000000100000000)
  eden space 5120K, 0% used [0x00000000d5580000,0x00000000d5580000,0x00000000d5a80000)
  from space 512K, 25% used [0x00000000d5c00000,0x00000000d5c20000,0x00000000d5c80000)
  to   space 512K, 0% used [0x00000000d5b80000,0x00000000d5b80000,0x00000000d5c00000)
 ParOldGen       total 566272K, used 566149K [0x0000000080000000, 0x00000000a2900000, 0x00000000d5580000)
  object space 566272K, 99% used [0x0000000080000000,0x00000000a28e1568,0x00000000a2900000)
 Metaspace       used 61344K, committed 62848K, reserved 1114112K
  class space    used 6480K, committed 7168K, reserved 1048576K
}

Dll operation events (10 events):
Event: 0.014 Loaded shared library c:\Users\user\.vscode\extensions\redhat.java-1.53.0-win32-x64\jre\21.0.10-win32-x86_64\bin\java.dll
Event: 0.188 Loaded shared library c:\Users\user\.vscode\extensions\redhat.java-1.53.0-win32-x64\jre\21.0.10-win32-x86_64\bin\zip.dll
Event: 0.242 Loaded shared library C:\Users\user\.vscode\extensions\redhat.java-1.53.0-win32-x64\jre\21.0.10-win32-x86_64\bin\instrument.dll
Event: 0.251 Loaded shared library C:\Users\user\.vscode\extensions\redhat.java-1.53.0-win32-x64\jre\21.0.10-win32-x86_64\bin\net.dll
Event: 0.254 Loaded shared library C:\Users\user\.vscode\extensions\redhat.java-1.53.0-win32-x64\jre\21.0.10-win32-x86_64\bin\nio.dll
Event: 0.260 Loaded shared library C:\Users\user\.vscode\extensions\redhat.java-1.53.0-win32-x64\jre\21.0.10-win32-x86_64\bin\zip.dll
Event: 0.314 Loaded shared library C:\Users\user\.vscode\extensions\redhat.java-1.53.0-win32-x64\jre\21.0.10-win32-x86_64\bin\jimage.dll
Event: 0.603 Loaded shared library c:\Users\user\.vscode\extensions\redhat.java-1.53.0-win32-x64\jre\21.0.10-win32-x86_64\bin\verify.dll
Event: 3.416 Loaded shared library C:\Users\user\AppData\Roaming\Code\User\globalStorage\redhat.java\1.53.0\config_win\org.eclipse.equinox.launcher\org.eclipse.equinox.launcher.win32.win32.x86_64_1.3.0.v20260203-2149\eclipse_11919.dll
Event: 9.888 Loaded shared library C:\Users\user\AppData\Local\Temp\jna-3599307\jna5412557178122505914.dll

Deoptimization events (20 events):
Event: 1509.255 Thread 0x00000232ec7654d0 DEOPT PACKING pc=0x00000232997416ec sp=0x000000b52f1fdf20
Event: 1509.255 Thread 0x00000232ec7654d0 DEOPT UNPACKING pc=0x0000023298dd3aa2 sp=0x000000b52f1fde28 mode 2
Event: 1509.261 Thread 0x00000232ec7654d0 Uncommon trap: trap_request=0xffffff45 fr.pc=0x0000023299704e40 relative=0x0000000000000ae0
Event: 1509.261 Thread 0x00000232ec7654d0 Uncommon trap: reason=unstable_if action=reinterpret pc=0x0000023299704e40 method=org.eclipse.jdt.internal.compiler.classfmt.FieldInfo.getTypeName()[C @ 4 c2
Event: 1509.261 Thread 0x00000232ec7654d0 DEOPT PACKING pc=0x0000023299704e40 sp=0x000000b52f1fd640
Event: 1509.261 Thread 0x00000232ec7654d0 DEOPT UNPACKING pc=0x0000023298dd3aa2 sp=0x000000b52f1fd628 mode 2
Event: 1509.308 Thread 0x00000232ec7654d0 Uncommon trap: trap_request=0xffffff76 fr.pc=0x0000023299728cf0 relative=0x00000000000003b0
Event: 1509.308 Thread 0x00000232ec7654d0 Uncommon trap: reason=predicate action=maybe_recompile pc=0x0000023299728cf0 method=java.util.TimSort.binarySort([Ljava/lang/Object;IIILjava/util/Comparator;)V @ 34 c2
Event: 1509.308 Thread 0x00000232ec7654d0 DEOPT PACKING pc=0x0000023299728cf0 sp=0x000000b52f1fdc60
Event: 1509.308 Thread 0x00000232ec7654d0 DEOPT UNPACKING pc=0x0000023298dd3aa2 sp=0x000000b52f1fdc28 mode 2
Event: 1509.407 Thread 0x00000232ec7654d0 Uncommon trap: trap_request=0xffffff45 fr.pc=0x0000023299a76eb4 relative=0x00000000000024d4
Event: 1509.407 Thread 0x00000232ec7654d0 Uncommon trap: reason=unstable_if action=reinterpret pc=0x0000023299a76eb4 method=org.eclipse.jdt.core.Signature.encodeTypeSignature([CIZILjava/lang/StringBuilder;)I @ 630 c2
Event: 1509.407 Thread 0x00000232ec7654d0 DEOPT PACKING pc=0x0000023299a76eb4 sp=0x000000b52f1fe020
Event: 1509.407 Thread 0x00000232ec7654d0 DEOPT UNPACKING pc=0x0000023298dd3aa2 sp=0x000000b52f1fe018 mode 2
Event: 1509.438 Thread 0x00000232ec7654d0 Uncommon trap: trap_request=0xffffff45 fr.pc=0x00000232995f5bac relative=0x0000000000000d0c
Event: 1509.438 Thread 0x00000232ec7654d0 Uncommon trap: reason=unstable_if action=reinterpret pc=0x00000232995f5bac method=org.eclipse.jdt.core.Signature.appendClassTypeSignature([CIZLjava/lang/StringBuilder;)I @ 23 c2
Event: 1509.438 Thread 0x00000232ec7654d0 DEOPT PACKING pc=0x00000232995f5bac sp=0x000000b52f1fdbc0
Event: 1509.438 Thread 0x00000232ec7654d0 DEOPT UNPACKING pc=0x0000023298dd3aa2 sp=0x000000b52f1fdb98 mode 2
Event: 6677.455 Thread 0x00000232ec768fe0 DEOPT PACKING pc=0x0000023292eb6e44 sp=0x000000b531bfe7a0
Event: 6677.462 Thread 0x00000232ec768fe0 DEOPT UNPACKING pc=0x0000023298dd4242 sp=0x000000b531bfdc80 mode 0

Classes loaded (20 events):
Event: 49.085 Loading class java/util/concurrent/ForkJoinTask$AdaptedCallable done
Event: 49.085 Loading class java/util/concurrent/CompletableFuture$UniExceptionally done
Event: 49.883 Loading class java/util/AbstractList$RandomAccessSubList
Event: 49.883 Loading class java/util/AbstractList$SubList
Event: 49.884 Loading class java/util/AbstractList$SubList done
Event: 49.884 Loading class java/util/AbstractList$RandomAccessSubList done
Event: 49.884 Loading class java/util/AbstractList$SubList$1
Event: 49.884 Loading class java/util/AbstractList$SubList$1 done
Event: 215.067 Loading class java/util/stream/DistinctOps
Event: 215.069 Loading class java/util/stream/DistinctOps done
Event: 215.069 Loading class java/util/stream/DistinctOps$1
Event: 215.070 Loading class java/util/stream/DistinctOps$1 done
Event: 215.092 Loading class java/util/stream/DistinctOps$1$2
Event: 215.092 Loading class java/util/stream/DistinctOps$1$2 done
Event: 1508.978 Loading class java/util/stream/ReduceOps$4
Event: 1508.980 Loading class java/util/stream/ReduceOps$4 done
Event: 1508.981 Loading class java/util/stream/ReduceOps$4ReducingSink
Event: 1508.982 Loading class java/util/stream/ReduceOps$4ReducingSink done
Event: 1509.112 Loading class java/nio/file/Files$2
Event: 1509.113 Loading class java/nio/file/Files$2 done

Classes unloaded (7 events):
Event: 11.551 Thread 0x00000232e610ba30 Unloading class 0x00000232a61ad400 'java/lang/invoke/LambdaForm$MH+0x00000232a61ad400'
Event: 11.551 Thread 0x00000232e610ba30 Unloading class 0x00000232a61ad000 'java/lang/invoke/LambdaForm$MH+0x00000232a61ad000'
Event: 11.551 Thread 0x00000232e610ba30 Unloading class 0x00000232a61acc00 'java/lang/invoke/LambdaForm$MH+0x00000232a61acc00'
Event: 11.551 Thread 0x00000232e610ba30 Unloading class 0x00000232a61ac800 'java/lang/invoke/LambdaForm$MH+0x00000232a61ac800'
Event: 11.551 Thread 0x00000232e610ba30 Unloading class 0x00000232a61ac400 'java/lang/invoke/LambdaForm$BMH+0x00000232a61ac400'
Event: 11.551 Thread 0x00000232e610ba30 Unloading class 0x00000232a61ac000 'java/lang/invoke/LambdaForm$DMH+0x00000232a61ac000'
Event: 11.551 Thread 0x00000232e610ba30 Unloading class 0x00000232a61aac00 'java/lang/invoke/LambdaForm$DMH+0x00000232a61aac00'

Classes redefined (0 events):
No events

Internal exceptions (20 events):
Event: 47.465 Thread 0x00000232ec766880 Exception <a 'sun/nio/fs/WindowsException'{0x00000000d56a8298}> (0x00000000d56a8298) 
thrown [s\src\hotspot\share\prims\jni.cpp, line 520]
Event: 47.492 Thread 0x00000232ec766880 Exception <a 'sun/nio/fs/WindowsException'{0x00000000d5793850}> (0x00000000d5793850) 
thrown [s\src\hotspot\share\prims\jni.cpp, line 520]
Event: 47.560 Thread 0x00000232ec766880 Exception <a 'sun/nio/fs/WindowsException'{0x00000000d561df28}> (0x00000000d561df28) 
thrown [s\src\hotspot\share\prims\jni.cpp, line 520]
Event: 47.939 Thread 0x00000232ec766880 Exception <a 'sun/nio/fs/WindowsException'{0x00000000d5757b98}> (0x00000000d5757b98) 
thrown [s\src\hotspot\share\prims\jni.cpp, line 520]
Event: 48.269 Thread 0x00000232ec766880 Exception <a 'sun/nio/fs/WindowsException'{0x00000000d56dde50}> (0x00000000d56dde50) 
thrown [s\src\hotspot\share\prims\jni.cpp, line 520]
Event: 48.291 Thread 0x00000232ec766880 Exception <a 'sun/nio/fs/WindowsException'{0x00000000d577fc10}> (0x00000000d577fc10) 
thrown [s\src\hotspot\share\prims\jni.cpp, line 520]
Event: 49.043 Thread 0x00000232ec766f10 Exception <a 'java/io/FileNotFoundException'{0x00000000d55affc8}> (0x00000000d55affc8) 
thrown [s\src\hotspot\share\prims\jni.cpp, line 520]
Event: 49.043 Thread 0x00000232ec766f10 Exception <a 'java/io/FileNotFoundException'{0x00000000d55b11d0}> (0x00000000d55b11d0) 
thrown [s\src\hotspot\share\prims\jni.cpp, line 520]
Event: 49.116 Thread 0x00000232f7f202f0 Exception <a 'sun/nio/fs/WindowsException'{0x00000000d56c3a40}> (0x00000000d56c3a40) 
thrown [s\src\hotspot\share\prims\jni.cpp, line 520]
Event: 49.116 Thread 0x00000232f7f202f0 Exception <a 'sun/nio/fs/WindowsException'{0x00000000d56c4340}> (0x00000000d56c4340) 
thrown [s\src\hotspot\share\prims\jni.cpp, line 520]
Event: 49.117 Thread 0x00000232f7f202f0 Exception <a 'sun/nio/fs/WindowsException'{0x00000000d56c5088}> (0x00000000d56c5088) 
thrown [s\src\hotspot\share\prims\jni.cpp, line 520]
Event: 49.117 Thread 0x00000232f7f202f0 Exception <a 'sun/nio/fs/WindowsException'{0x00000000d56c5968}> (0x00000000d56c5968) 
thrown [s\src\hotspot\share\prims\jni.cpp, line 520]
Event: 49.117 Thread 0x00000232f7f202f0 Exception <a 'sun/nio/fs/WindowsException'{0x00000000d56c7160}> (0x00000000d56c7160) 
thrown [s\src\hotspot\share\prims\jni.cpp, line 520]
Event: 49.117 Thread 0x00000232f7f202f0 Exception <a 'sun/nio/fs/WindowsException'{0x00000000d56c7a40}> (0x00000000d56c7a40) 
thrown [s\src\hotspot\share\prims\jni.cpp, line 520]
Event: 49.124 Thread 0x00000232f7f202f0 Exception <a 'sun/nio/fs/WindowsException'{0x00000000d56e59d8}> (0x00000000d56e59d8) 
thrown [s\src\hotspot\share\prims\jni.cpp, line 520]
Event: 49.124 Thread 0x00000232f7f202f0 Exception <a 'sun/nio/fs/WindowsException'{0x00000000d56e62b8}> (0x00000000d56e62b8) 
thrown [s\src\hotspot\share\prims\jni.cpp, line 520]
Event: 49.331 Thread 0x00000232ec7647b0 Exception <a 'java/lang/NoSuchMethodError'{0x00000000d566b4c0}: 'java.lang.Object java.lang.invoke.DirectMethodHandle$Holder.invokeStaticInit(java.lang.Object, java.lang.Object, java.lang.Object)'> (0x00000000d566b4c0) 
thrown [s\src\hotspot\share\interpreter\linkResolver.cpp, line 773]
Event: 74.574 Thread 0x00000232ec768fe0 Exception <a 'java/lang/IncompatibleClassChangeError'{0x00000000d5642230}: Found class java.lang.Object, but interface was expected> (0x00000000d5642230) 
thrown [s\src\hotspot\share\interpreter\linkResolver.cpp, line 840]
Event: 1506.937 Thread 0x00000232ec7654d0 Exception <a 'java/lang/IncompatibleClassChangeError'{0x00000000d596ecc0}: Found class java.lang.Object, but interface was expected> (0x00000000d596ecc0) 
thrown [s\src\hotspot\share\interpreter\linkResolver.cpp, line 840]
Event: 1509.127 Thread 0x00000232ec7654d0 Exception <a 'java/lang/NoSuchMethodError'{0x00000000d56cb578}: 'int java.lang.invoke.DirectMethodHandle$Holder.invokeSpecialIFC(java.lang.Object, java.lang.Object, java.lang.Object)'> (0x00000000d56cb578) 
thrown [s\src\hotspot\share\interpreter\linkResolver.cpp, line 773]

ZGC Phase Switch (0 events):
No events

VM Operations (20 events):
Event: 7937.943 Executing non-safepoint VM operation: HandshakeAllThreads (HandshakeForDeflation)
Event: 7937.949 Executing non-safepoint VM operation: HandshakeAllThreads (HandshakeForDeflation) done
Event: 7937.949 Executing non-safepoint VM operation: RendezvousGCThreads
Event: 7937.949 Executing non-safepoint VM operation: RendezvousGCThreads done
Event: 8058.007 Executing non-safepoint VM operation: HandshakeAllThreads (HandshakeForDeflation)
Event: 8058.009 Executing non-safepoint VM operation: HandshakeAllThreads (HandshakeForDeflation) done
Event: 8058.009 Executing non-safepoint VM operation: RendezvousGCThreads
Event: 8058.009 Executing non-safepoint VM operation: RendezvousGCThreads done
Event: 8113.923 Executing safepoint VM operation: ParallelGCFailedAllocation (Allocation Failure)
Event: 8114.725 Executing safepoint VM operation: ParallelGCFailedAllocation (Allocation Failure) done
Event: 8118.113 Executing non-safepoint VM operation: HandshakeAllThreads (HandshakeForDeflation)
Event: 8118.113 Executing non-safepoint VM operation: HandshakeAllThreads (HandshakeForDeflation) done
Event: 8118.113 Executing non-safepoint VM operation: RendezvousGCThreads
Event: 8118.113 Executing non-safepoint VM operation: RendezvousGCThreads done
Event: 8203.804 Executing safepoint VM operation: Cleanup
Event: 8203.804 Executing safepoint VM operation: Cleanup done
Event: 8418.935 Executing non-safepoint VM operation: HandshakeAllThreads (HandshakeForDeflation)
Event: 8419.063 Executing non-safepoint VM operation: HandshakeAllThreads (HandshakeForDeflation) done
Event: 8419.067 Executing non-safepoint VM operation: RendezvousGCThreads
Event: 8419.067 Executing non-safepoint VM operation: RendezvousGCThreads done

Memory protections (0 events):
No events

Nmethod flushes (20 events):
Event: 30.961 Thread 0x00000232e610ba30 flushing  nmethod 0x000002329205ab90
Event: 30.961 Thread 0x00000232e610ba30 flushing  nmethod 0x000002329205b190
Event: 30.961 Thread 0x00000232e610ba30 flushing  nmethod 0x000002329205b610
Event: 30.961 Thread 0x00000232e610ba30 flushing  nmethod 0x000002329206dc90
Event: 30.961 Thread 0x00000232e610ba30 flushing  nmethod 0x0000023292074590
Event: 30.961 Thread 0x00000232e610ba30 flushing  nmethod 0x0000023292076290
Event: 30.961 Thread 0x00000232e610ba30 flushing  nmethod 0x0000023292091490
Event: 30.961 Thread 0x00000232e610ba30 flushing osr nmethod 0x000002329209a290
Event: 30.961 Thread 0x00000232e610ba30 flushing osr nmethod 0x000002329209bf90
Event: 30.961 Thread 0x00000232e610ba30 flushing osr nmethod 0x00000232920f1490
Event: 30.961 Thread 0x00000232e610ba30 flushing  nmethod 0x00000232920fb390
Event: 30.961 Thread 0x00000232e610ba30 flushing  nmethod 0x0000023292119690
Event: 30.961 Thread 0x00000232e610ba30 flushing  nmethod 0x0000023292141590
Event: 30.961 Thread 0x00000232e610ba30 flushing  nmethod 0x0000023292142090
Event: 30.961 Thread 0x00000232e610ba30 flushing  nmethod 0x000002329214be10
Event: 30.961 Thread 0x00000232e610ba30 flushing  nmethod 0x000002329214c710
Event: 30.961 Thread 0x00000232e610ba30 flushing  nmethod 0x000002329214cb10
Event: 30.961 Thread 0x00000232e610ba30 flushing  nmethod 0x000002329215c090
Event: 30.961 Thread 0x00000232e610ba30 flushing  nmethod 0x00000232921a2b10
Event: 30.961 Thread 0x00000232e610ba30 flushing osr nmethod 0x00000232921a7d10

Events (20 events):
Event: 32.158 Thread 0x00000232e6138060 Thread added: 0x00000232ed3721f0
Event: 32.637 Thread 0x00000232ed3721f0 Thread exited: 0x00000232ed3721f0
Event: 32.667 Thread 0x00000232e6138060 Thread added: 0x00000232ed374400
Event: 34.663 Thread 0x00000232ed374400 Thread exited: 0x00000232ed374400
Event: 49.085 Thread 0x00000232ec768fe0 Thread added: 0x00000232ec7647b0
Event: 49.086 Thread 0x00000232ec766f10 Thread added: 0x00000232f7f202f0
Event: 49.086 Thread 0x00000232ec766f10 Thread added: 0x00000232f7f1e8b0
Event: 108.310 Thread 0x00000232ec7675a0 Thread exited: 0x00000232ec7675a0
Event: 109.044 Thread 0x00000232ec7654d0 Thread exited: 0x00000232ec7654d0
Event: 109.325 Thread 0x00000232ec766f10 Thread exited: 0x00000232ec766f10
Event: 109.968 Thread 0x00000232ec7647b0 Thread exited: 0x00000232ec7647b0
Event: 109.998 Thread 0x00000232ec763400 Thread exited: 0x00000232ec763400
Event: 169.979 Thread 0x00000232f7f202f0 Thread exited: 0x00000232f7f202f0
Event: 229.997 Thread 0x00000232f7f1e8b0 Thread exited: 0x00000232f7f1e8b0
Event: 1504.882 Thread 0x00000232ec768fe0 Thread added: 0x00000232ec7654d0
Event: 1505.398 Thread 0x00000232ec7654d0 Thread added: 0x00000232ec763400
Event: 1505.413 Thread 0x00000232ec7654d0 Thread added: 0x00000232ec7647b0
Event: 1569.457 Thread 0x00000232ec7654d0 Thread exited: 0x00000232ec7654d0
Event: 1629.461 Thread 0x00000232ec763400 Thread exited: 0x00000232ec763400
Event: 1689.474 Thread 0x00000232ec7647b0 Thread exited: 0x00000232ec7647b0


Dynamic libraries:
0x00007ff7257c0000 - 0x00007ff7257ce000 	c:\Users\user\.vscode\extensions\redhat.java-1.53.0-win32-x64\jre\21.0.10-win32-x86_64\bin\java.exe
0x00007ffa5d940000 - 0x00007ffa5db49000 	C:\Windows\SYSTEM32\ntdll.dll
0x00007ffa5c260000 - 0x00007ffa5c31d000 	C:\Windows\System32\KERNEL32.DLL
0x00007ffa5b400000 - 0x00007ffa5b784000 	C:\Windows\System32\KERNELBASE.dll
0x00007ffa5b2e0000 - 0x00007ffa5b3f1000 	C:\Windows\System32\ucrtbase.dll
0x00007ffa577e0000 - 0x00007ffa577f8000 	c:\Users\user\.vscode\extensions\redhat.java-1.53.0-win32-x64\jre\21.0.10-win32-x86_64\bin\jli.dll
0x00007ffa5c490000 - 0x00007ffa5c63d000 	C:\Windows\System32\USER32.dll
0x00007ffa5aec0000 - 0x00007ffa5aee6000 	C:\Windows\System32\win32u.dll
0x00007ffa5c320000 - 0x00007ffa5c34a000 	C:\Windows\System32\GDI32.dll
0x00007ffa5aef0000 - 0x00007ffa5b00e000 	C:\Windows\System32\gdi32full.dll
0x00007ffa5b240000 - 0x00007ffa5b2dd000 	C:\Windows\System32\msvcp_win.dll
0x00007ffa42ef0000 - 0x00007ffa42f0e000 	c:\Users\user\.vscode\extensions\redhat.java-1.53.0-win32-x64\jre\21.0.10-win32-x86_64\bin\VCRUNTIME140.dll
0x00007ffa424f0000 - 0x00007ffa42795000 	C:\Windows\WinSxS\amd64_microsoft.windows.common-controls_6595b64144ccf1df_6.0.22000.120_none_9d947278b86cc467\COMCTL32.dll
0x00007ffa5b7a0000 - 0x00007ffa5b843000 	C:\Windows\System32\msvcrt.dll
0x00007ffa5ca30000 - 0x00007ffa5ca61000 	C:\Windows\System32\IMM32.DLL
0x00007ffa57710000 - 0x00007ffa5771c000 	c:\Users\user\.vscode\extensions\redhat.java-1.53.0-win32-x64\jre\21.0.10-win32-x86_64\bin\vcruntime140_1.dll
0x00007ffa3b610000 - 0x00007ffa3b69d000 	c:\Users\user\.vscode\extensions\redhat.java-1.53.0-win32-x64\jre\21.0.10-win32-x86_64\bin\msvcp140.dll
0x00007ff9eef50000 - 0x00007ff9efcf1000 	c:\Users\user\.vscode\extensions\redhat.java-1.53.0-win32-x64\jre\21.0.10-win32-x86_64\bin\server\jvm.dll
0x00007ffa5bc40000 - 0x00007ffa5bcee000 	C:\Windows\System32\ADVAPI32.dll
0x00007ffa5c020000 - 0x00007ffa5c0be000 	C:\Windows\System32\sechost.dll
0x00007ffa5c130000 - 0x00007ffa5c251000 	C:\Windows\System32\RPCRT4.dll
0x00007ffa5c0c0000 - 0x00007ffa5c12f000 	C:\Windows\System32\WS2_32.dll
0x00007ffa5aca0000 - 0x00007ffa5aced000 	C:\Windows\SYSTEM32\POWRPROF.dll
0x00007ffa55320000 - 0x00007ffa55353000 	C:\Windows\SYSTEM32\WINMM.dll
0x00007ffa56090000 - 0x00007ffa5609a000 	C:\Windows\SYSTEM32\VERSION.dll
0x00007ffa5ac80000 - 0x00007ffa5ac93000 	C:\Windows\SYSTEM32\UMPDC.dll
0x00007ffa59e40000 - 0x00007ffa59e58000 	C:\Windows\SYSTEM32\kernel.appcore.dll
0x00007ffa57650000 - 0x00007ffa5765a000 	c:\Users\user\.vscode\extensions\redhat.java-1.53.0-win32-x64\jre\21.0.10-win32-x86_64\bin\jimage.dll
0x00007ffa58a10000 - 0x00007ffa58c31000 	C:\Windows\SYSTEM32\DBGHELP.DLL
0x00007ffa3dcb0000 - 0x00007ffa3dce1000 	C:\Windows\SYSTEM32\dbgcore.DLL
0x00007ffa5add0000 - 0x00007ffa5ae4f000 	C:\Windows\System32\bcryptPrimitives.dll
0x00007ffa55420000 - 0x00007ffa5542f000 	c:\Users\user\.vscode\extensions\redhat.java-1.53.0-win32-x64\jre\21.0.10-win32-x86_64\bin\instrument.dll
0x00007ffa42ed0000 - 0x00007ffa42ef0000 	c:\Users\user\.vscode\extensions\redhat.java-1.53.0-win32-x64\jre\21.0.10-win32-x86_64\bin\java.dll
0x00007ffa5d110000 - 0x00007ffa5d8d5000 	C:\Windows\System32\SHELL32.dll
0x00007ffa58ea0000 - 0x00007ffa59702000 	C:\Windows\SYSTEM32\windows.storage.dll
0x00007ffa5c640000 - 0x00007ffa5c9b6000 	C:\Windows\System32\combase.dll
0x00007ffa58c40000 - 0x00007ffa58da7000 	C:\Windows\SYSTEM32\wintypes.dll
0x00007ffa5bf30000 - 0x00007ffa5c01a000 	C:\Windows\System32\SHCORE.dll
0x00007ffa5bcf0000 - 0x00007ffa5bd4d000 	C:\Windows\System32\shlwapi.dll
0x00007ffa5ad00000 - 0x00007ffa5ad25000 	C:\Windows\SYSTEM32\profapi.dll
0x00007ffa42ae0000 - 0x00007ffa42af8000 	c:\Users\user\.vscode\extensions\redhat.java-1.53.0-win32-x64\jre\21.0.10-win32-x86_64\bin\zip.dll
0x00007ffa42e60000 - 0x00007ffa42e70000 	C:\Users\user\.vscode\extensions\redhat.java-1.53.0-win32-x64\jre\21.0.10-win32-x86_64\bin\net.dll
0x00007ffa55bd0000 - 0x00007ffa55ce4000 	C:\Windows\SYSTEM32\WINHTTP.dll
0x00007ffa5a2f0000 - 0x00007ffa5a357000 	C:\Windows\system32\mswsock.dll
0x00007ffa421b0000 - 0x00007ffa421c6000 	C:\Users\user\.vscode\extensions\redhat.java-1.53.0-win32-x64\jre\21.0.10-win32-x86_64\bin\nio.dll
0x00007ffa42d60000 - 0x00007ffa42d70000 	c:\Users\user\.vscode\extensions\redhat.java-1.53.0-win32-x64\jre\21.0.10-win32-x86_64\bin\verify.dll
0x00007ffa37780000 - 0x00007ffa377c5000 	C:\Users\user\AppData\Roaming\Code\User\globalStorage\redhat.java\1.53.0\config_win\org.eclipse.equinox.launcher\org.eclipse.equinox.launcher.win32.win32.x86_64_1.3.0.v20260203-2149\eclipse_11919.dll
0x00007ffa5b850000 - 0x00007ffa5b9ea000 	C:\Windows\System32\ole32.dll
0x00007ffa5a540000 - 0x00007ffa5a558000 	C:\Windows\SYSTEM32\CRYPTSP.dll
0x00007ffa59da0000 - 0x00007ffa59dd5000 	C:\Windows\system32\rsaenh.dll
0x00007ffa5a3e0000 - 0x00007ffa5a40c000 	C:\Windows\SYSTEM32\USERENV.dll
0x00007ffa5a6b0000 - 0x00007ffa5a6d7000 	C:\Windows\SYSTEM32\bcrypt.dll
0x00007ffa5a530000 - 0x00007ffa5a53c000 	C:\Windows\SYSTEM32\CRYPTBASE.dll
0x00007ffa59960000 - 0x00007ffa5998d000 	C:\Windows\SYSTEM32\IPHLPAPI.DLL
0x00007ffa5ca70000 - 0x00007ffa5ca79000 	C:\Windows\System32\NSI.dll
0x00007ffa36c10000 - 0x00007ffa36c59000 	C:\Users\user\AppData\Local\Temp\jna-3599307\jna5412557178122505914.dll
0x00007ffa5bf20000 - 0x00007ffa5bf28000 	C:\Windows\System32\PSAPI.DLL
0x00007ffa55240000 - 0x00007ffa55259000 	C:\Windows\SYSTEM32\dhcpcsvc6.DLL
0x00007ffa56410000 - 0x00007ffa5642e000 	C:\Windows\SYSTEM32\dhcpcsvc.DLL

JVMTI agents:
c:\Users\user\.vscode\extensions\redhat.java-1.53.0-win32-x64\lombok\lombok-1.18.39-4050.jar path:c:\Users\user\.vscode\extensions\redhat.java-1.53.0-win32-x64\jre\21.0.10-win32-x86_64\bin\instrument.dll, loaded, initialized, instrumentlib options:none

dbghelp: loaded successfully - version: 4.0.5 - missing functions: none
symbol engine: initialized successfully - sym options: 0x614 - pdb path: .;c:\Users\user\.vscode\extensions\redhat.java-1.53.0-win32-x64\jre\21.0.10-win32-x86_64\bin;C:\Windows\SYSTEM32;C:\Windows\WinSxS\amd64_microsoft.windows.common-controls_6595b64144ccf1df_6.0.22000.120_none_9d947278b86cc467;c:\Users\user\.vscode\extensions\redhat.java-1.53.0-win32-x64\jre\21.0.10-win32-x86_64\bin\server;C:\Users\user\AppData\Roaming\Code\User\globalStorage\redhat.java\1.53.0\config_win\org.eclipse.equinox.launcher\org.eclipse.equinox.launcher.win32.win32.x86_64_1.3.0.v20260203-2149;C:\Users\user\AppData\Local\Temp\jna-3599307

VM Arguments:
jvm_args: --add-modules=ALL-SYSTEM --add-opens=java.base/java.util=ALL-UNNAMED --add-opens=java.base/java.lang=ALL-UNNAMED --add-opens=java.base/sun.nio.fs=ALL-UNNAMED -Declipse.application=org.eclipse.jdt.ls.core.id1 -Dosgi.bundles.defaultStartLevel=4 -Declipse.product=org.eclipse.jdt.ls.core.product -Djava.import.generatesMetadataFilesAtProjectRoot=false -DDetectVMInstallationsJob.disabled=true -Dfile.encoding=utf8 -XX:+UseParallelGC -XX:GCTimeRatio=4 -XX:AdaptiveSizePolicyWeight=90 -Dsun.zip.disableMemoryMapping=true -Xmx2G -Xms100m -Xlog:disable -javaagent:c:\Users\user\.vscode\extensions\redhat.java-1.53.0-win32-x64\lombok\lombok-1.18.39-4050.jar -XX:+HeapDumpOnOutOfMemoryError -XX:HeapDumpPath=c:\Users\user\AppData\Roaming\Code\User\workspaceStorage\8f9a1ababe5281a97c255ac862eb4945\redhat.java -Daether.dependencyCollector.impl=bf 
java_command: c:\Users\user\.vscode\extensions\redhat.java-1.53.0-win32-x64\server\plugins\org.eclipse.equinox.launcher_1.7.100.v20251111-0406.jar -configuration c:\Users\user\AppData\Roaming\Code\User\globalStorage\redhat.java\1.53.0\config_win -data c:\Users\user\AppData\Roaming\Code\User\workspaceStorage\8f9a1ababe5281a97c255ac862eb4945\redhat.java\jdt_ws --pipe=\\.\pipe\lsp-5c42eb8850a952320543ccfca85032ae-sock
java_class_path (initial): c:\Users\user\.vscode\extensions\redhat.java-1.53.0-win32-x64\server\plugins\org.eclipse.equinox.launcher_1.7.100.v20251111-0406.jar
Launcher Type: SUN_STANDARD

[Global flags]
    uintx AdaptiveSizePolicyWeight                 = 90                                        {product} {command line}
     intx CICompilerCount                          = 3                                         {product} {ergonomic}
    uintx GCTimeRatio                              = 4                                         {product} {command line}
     bool HeapDumpOnOutOfMemoryError               = true                                   {manageable} {command line}
    ccstr HeapDumpPath                             = c:\Users\user\AppData\Roaming\Code\User\workspaceStorage\8f9a1ababe5281a97c255ac862eb4945\redhat.java         {manageable} {command line}
   size_t InitialHeapSize                          = 104857600                                 {product} {command line}
   size_t MaxHeapSize                              = 2147483648                                {product} {command line}
   size_t MaxNewSize                               = 715653120                                 {product} {ergonomic}
   size_t MinHeapDeltaBytes                        = 524288                                    {product} {ergonomic}
   size_t MinHeapSize                              = 104857600                                 {product} {command line}
   size_t NewSize                                  = 34603008                                  {product} {ergonomic}
    uintx NonNMethodCodeHeapSize                   = 5832780                                {pd product} {ergonomic}
    uintx NonProfiledCodeHeapSize                  = 122912730                              {pd product} {ergonomic}
   size_t OldSize                                  = 70254592                                  {product} {ergonomic}
    uintx ProfiledCodeHeapSize                     = 122912730                              {pd product} {ergonomic}
    uintx ReservedCodeCacheSize                    = 251658240                              {pd product} {ergonomic}
     bool SegmentedCodeCache                       = true                                      {product} {ergonomic}
   size_t SoftMaxHeapSize                          = 2147483648                             {manageable} {ergonomic}
     bool UseCompressedOops                        = true                           {product lp64_product} {ergonomic}
     bool UseLargePagesIndividualAllocation        = false                                  {pd product} {ergonomic}
     bool UseParallelGC                            = true                                      {product} {command line}

Logging:
Log output configuration:
 #0: stdout all=off uptime,level,tags foldmultilines=false
 #1: stderr all=off uptime,level,tags foldmultilines=false

Release file:
JAVA_VERSION="21.0.10" 
MODULES="java.base java.compiler java.datatransfer java.xml java.prefs java.desktop java.instrument java.logging java.management java.security.sasl java.naming java.rmi java.management.rmi java.net.http java.scripting java.security.jgss java.transaction.xa java.sql java.sql.rowset java.xml.crypto java.se java.smartcardio jdk.accessibility jdk.internal.jvmstat jdk.attach jdk.charsets jdk.internal.opt jdk.zipfs jdk.compiler jdk.crypto.ec jdk.crypto.cryptoki jdk.crypto.mscapi jdk.dynalink jdk.internal.ed jdk.editpad jdk.hotspot.agent jdk.httpserver jdk.internal.le jdk.internal.vm.ci jdk.internal.vm.compiler jdk.internal.vm.compiler.management jdk.jartool jdk.javadoc jdk.jcmd jdk.management jdk.management.agent jdk.jconsole jdk.jdeps jdk.jdwp.agent jdk.jdi jdk.jfr jdk.jshell jdk.jsobject jdk.jstatd jdk.localedata jdk.management.jfr jdk.naming.dns jdk.naming.rmi jdk.net jdk.nio.mapmode jdk.random jdk.sctp jdk.security.auth jdk.security.jgss jdk.unsupported jdk.unsupported.desktop jdk.xml.dom" 

Environment Variables:
JAVA_HOME=C:\Program Files\Java\jdk-20
PATH=C:\Users\user\AppData\Local\Programs\Microsoft VS Code;F:\oracle\product\10.2.0\db_1\bin;C:\Program Files\Common Files\Oracle\Java\javapath;C:\Windows\system32;C:\Windows;C:\Windows\System32\Wbem;C:\Windows\System32\WindowsPowerShell\v1.0\;C:\Windows\System32\OpenSSH\;C:\Program Files\Git\cmd;C:\Program Files\Java\jdk-20\bin;C:\Program Files\Java\jdk-20\bin;C:\Program Files\MySQL\MySQL Server 8.0\bin;C:\Program Files\nodejs\;C:\Users\user\AppData\Roaming\Python\Python312\Scripts;C:\Users\user\AppData\Local\Microsoft\WindowsApps\python.exe;'C:\Users\user\AppData\Local\Packages\PythonSoftwareFoundation.Python.3.11_qbz5n2kfra8p0\LocalCache\local-packages\Python311\Scripts';C:\Users\user\AppData\Roaming\npm;C:\Users\user\react_course\node_modules\tailwindcss;C:\Users\user\AppData\Local\Microsoft\WindowsApps;C:\Users\user\AppData\Local\Programs\Microsoft VS Code\bin;C:\Users\user\AppData\Local\Programs\mongosh\;C:\Users\user\AppData\Roaming\npm;C:\MinGW\bin;C:\Users\user\AppData\Local\Packages\PythonSoftwareFoundation.Python.3.11_qbz5n2kfra8p0\LocalCache\local-packages\Python311\Scripts;C:\Users\user\react_course\node_modules\tailwindcss;
USERNAME=user
OS=Windows_NT
PROCESSOR_IDENTIFIER=Intel64 Family 6 Model 142 Stepping 9, GenuineIntel
TMP=C:\Users\user\AppData\Local\Temp
TEMP=C:\Users\user\AppData\Local\Temp




Periodic native trim disabled

---------------  S Y S T E M  ---------------

OS:
 Windows 11 , 64 bit Build 22000 (10.0.22000.2538)
OS uptime: 0 days 15:22 hours

CPU: total 4 (initial active 4) (2 cores per cpu, 2 threads per core) family 6 model 142 stepping 9 microcode 0xde, cx8, cmov, fxsr, ht, mmx, 3dnowpref, sse, sse2, sse3, ssse3, sse4.1, sse4.2, popcnt, lzcnt, tsc, tscinvbit, avx, avx2, aes, erms, clmul, bmi1, bmi2, adx, fma, vzeroupper, clflush, clflushopt, rdtscp, f16c
Processor Information for the first 4 processors :
  Max Mhz: 2401, Current Mhz: 1100, Mhz Limit: 2401

Memory: 4k page, system-wide physical 4007M (325M free)
TotalPageFile size 12199M (AvailPageFile size 10M)
current process WorkingSet (physical memory assigned to process): 7M, peak: 879M
current process commit charge ("private bytes"): 811M, peak: 821M

vm_info: OpenJDK 64-Bit Server VM (21.0.10+7-LTS) for windows-amd64 JRE (21.0.10+7-LTS), built on 2026-01-20T00:00:00Z by "admin" with MS VC++ 17.12 (VS2022)

END.
